<?xml version="1.0" encoding="UTF-8"?>
<!-- Generated by org.testng.reporters.JUnitReportReporter -->
<testsuite hostname="LAPTOP-OCOKALL5" failures="0" tests="4" name="TestNG.NewTest2" time="38.528" errors="0" timestamp="2022-03-29T10:18:50 IST" skipped="1">
  <testcase classname="TestNG.NewTest2" name="clickOnBookslinkTest" time="12.603"/>
  <system-out/>
  <testcase classname="TestNG.NewTest2" name="getlink" time="10.577"/>
  <system-out/>
  <testcase classname="TestNG.NewTest2" name="registerinapp" time="15.348"/>
  <system-out/>
  <testcase classname="TestNG.NewTest2" name="login">
    <skipped/>
  </testcase> <!-- login -->
  <system-out/>
</testsuite> <!-- TestNG.NewTest2 -->
