<?xml version="1.0" encoding="UTF-8"?>
<!-- Generated by org.testng.reporters.JUnitReportReporter -->
<testsuite hostname="LAPTOP-OCOKALL5" failures="0" tests="2" name="TestNG.GoogleTest" time="17.815" errors="0" timestamp="2022-03-26T12:52:05 IST" skipped="0">
  <testcase classname="TestNG.GoogleTest" name="googleTitle" time="5.594"/>
  <system-out/>
  <testcase classname="TestNG.GoogleTest" name="gmaillink" time="12.221"/>
  <system-out/>
</testsuite> <!-- TestNG.GoogleTest -->
