<?xml version="1.0" encoding="UTF-8"?>
<!-- Generated by org.testng.reporters.JUnitReportReporter -->
<testsuite hostname="LAPTOP-OCOKALL5" failures="0" tests="5" name="TestNG.NewTest1" time="25.001" errors="0" timestamp="2022-03-29T10:18:50 IST" skipped="4">
  <testcase classname="TestNG.NewTest1" name="test" time="25.001"/>
  <system-out/>
  <testcase classname="TestNG.NewTest1" name="test3">
    <skipped/>
  </testcase> <!-- test3 -->
  <system-out/>
  <testcase classname="TestNG.NewTest1" name="test5">
    <skipped/>
  </testcase> <!-- test5 -->
  <system-out/>
  <testcase classname="TestNG.NewTest1" name="test4">
    <skipped/>
  </testcase> <!-- test4 -->
  <system-out/>
  <testcase classname="TestNG.NewTest1" name="test1">
    <skipped/>
  </testcase> <!-- test1 -->
  <system-out/>
</testsuite> <!-- TestNG.NewTest1 -->
