<?xml version="1.0" encoding="UTF-8"?>
<!-- Generated by org.testng.reporters.JUnitReportReporter -->
<testsuite hostname="LAPTOP-OCOKALL5" failures="0" tests="5" name="TestNG.DataProviderPractise" time="0.017" errors="0" timestamp="2022-03-29T09:11:18 IST" skipped="0">
  <testcase classname="TestNG.DataProviderPractise" name="test" time="0.001"/>
  <system-out/>
  <testcase classname="TestNG.DataProviderPractise" name="test" time="0.002"/>
  <system-out/>
  <testcase classname="TestNG.DataProviderPractise" name="test" time="0.004"/>
  <system-out/>
  <testcase classname="TestNG.DataProviderPractise" name="test" time="0.008"/>
  <system-out/>
  <testcase classname="TestNG.DataProviderPractise" name="test" time="0.002"/>
  <system-out/>
</testsuite> <!-- TestNG.DataProviderPractise -->
